=======================
Loading Anaconda Module...
=======================

============================== ENVIRONMENT VARIABLES ===============================
SHELL=/bin/bash
SLURM_JOB_USER=bbozkurt
SLURM_TASKS_PER_NODE=1
SLURM_JOB_UID=801151276
SLURM_TASK_PID=2581630
CONDA_EXE=/ceph/apps/ubuntu-20/packages/miniconda/4.9.2/bin/conda
_CE_M=
SLURM_JOB_GPUS=2
SLURM_LOCALID=0
SLURM_SUBMIT_DIR=/nfs/ghome/live/bbozkurt/Desktop/counterfactual-policy-mean-embedding
HOSTNAME=gpu-350-01
SLURMD_NODENAME=gpu-350-01
SLURM_JOB_START_TIME=1747649225
HYDRA_LAUNCHER_EXTRA_ARGS=--external-launcher
SLURM_CLUSTER_NAME=(null)
SLURM_JOB_END_TIME=1747735625
SLURM_CPUS_ON_NODE=2
SLURM_JOB_CPUS_PER_NODE=2
SLURM_GPUS_ON_NODE=1
PRTE_MCA_plm_slurm_args=--external-launcher
KRB5CCNAME=KEYRING:persistent:801151276
PWD=/nfs/ghome/live/bbozkurt/Desktop/counterfactual-policy-mean-embedding
SLURM_GTIDS=0
LOGNAME=bbozkurt
XDG_SESSION_TYPE=tty
CONDA_PREFIX=/nfs/ghome/live/bbozkurt/.conda/envs/tensorenv
SLURM_JOB_PARTITION=gpu
__MODULES_LMREFRESH=miniconda/4.9.2
MODULESHOME=/usr/share/modules
MANPATH=:/opt/puppetlabs/puppet/share/man
ROCR_VISIBLE_DEVICES=0
SLURM_JOB_NUM_NODES=1
SLURM_JOBID=691816
SLURM_JOB_QOS=normal
I_MPI_HYDRA_BOOTSTRAP_EXEC_EXTRA_ARGS=--external-launcher
HOME=/nfs/ghome/live/bbozkurt
LANG=C.UTF-8
SLURM_PROCID=0
CUDA_DEVICE_ORDER=PCI_BUS_ID
CONDA_PROMPT_MODIFIER=(tensorenv) 
TMPDIR=/tmp
SLURM_NTASKS=1
SLURM_TOPOLOGY_ADDR=gpu-350-01
SSH_CONNECTION=192.168.238.250 38158 192.168.234.2 22
ZE_AFFINITY_MASK=0
HYDRA_BOOTSTRAP=slurm
SLURM_TOPOLOGY_ADDR_PATTERN=node
CUDA_VISIBLE_DEVICES=0
XDG_SESSION_CLASS=user
SLURM_MEM_PER_NODE=10240
TERM=xterm-256color
_CE_CONDA=
USER=bbozkurt
SLURM_NODELIST=gpu-350-01
ENVIRONMENT=BATCH
GPU_DEVICE_ORDINAL=0
CONDA_SHLVL=1
XLA_FLAGS=--xla_gpu_cuda_data_dir=/ceph/apps/ubuntu-20/packages/cuda/11.8.0_520.61.05
LOADEDMODULES=miniconda/4.9.2:cuda/11.8
SLURM_JOB_ACCOUNT=gcnu-ac
SLURM_PRIO_PROCESS=0
SLURM_NPROCS=1
SHLVL=2
SLURM_NNODES=1
XDG_SESSION_ID=29693
SLURM_SUBMIT_HOST=hpc-gw2
CONDA_PYTHON_EXE=/ceph/apps/ubuntu-20/packages/miniconda/4.9.2/bin/python
LD_LIBRARY_PATH=/ceph/apps/ubuntu-20/packages/cuda/11.8.0_520.61.05/lib64
XDG_RUNTIME_DIR=/run/user/801151276
SLURM_JOB_ID=691816
SLURM_NODEID=0
SSH_CLIENT=192.168.238.250 38158 22
CONDA_DEFAULT_ENV=tensorenv
__MODULES_LMINIT=module use --append /etc/environment-modules/modules:module use --append /usr/share/modules/versions:module use --append /usr/share/modules/modulefiles:module use --append /ceph/apps/ubuntu-24/modulefiles
XDG_DATA_DIRS=/usr/local/share:/usr/share:/var/lib/snapd/desktop
SLURM_CONF=/etc/slurm/slurm.conf
PATH=/nfs/ghome/live/bbozkurt/.conda/envs/tensorenv/bin:/ceph/apps/ubuntu-20/packages/cuda/11.8.0_520.61.05/bin:/ceph/apps/ubuntu-20/packages/miniconda/4.9.2/condabin:/ceph/apps/ubuntu-20/packages/miniconda/4.9.2/bin:/usr/local/sbin:/usr/local/bin:/usr/sbin:/usr/bin:/sbin:/bin:/usr/games:/usr/local/games:/snap/bin:/opt/puppetlabs/bin
SLURM_JOB_NAME=JupiterNotebook
MODULEPATH=/etc/environment-modules/modules:/usr/share/modules/versions:/usr/share/modules/modulefiles:/ceph/apps/ubuntu-24/modulefiles
SLURM_NTASKS_PER_NODE=1
_LMFILES_=/ceph/apps/ubuntu-24/modulefiles/miniconda/4.9.2:/ceph/apps/ubuntu-24/modulefiles/cuda/11.8
DBUS_SESSION_BUS_ADDRESS=unix:path=/run/user/801151276/bus
SSH_TTY=/dev/pts/235
OMPI_MCA_plm_slurm_args=--external-launcher
SLURM_JOB_GID=801151276
OLDPWD=/nfs/ghome/live/bbozkurt
SLURM_JOB_NODELIST=gpu-350-01
MODULES_CMD=/usr/lib/x86_64-linux-gnu/modulecmd.tcl
I_MPI_HYDRA_BOOTSTRAP=slurm
BASH_FUNC_ml%%=() {  module ml "$@"
}
BASH_FUNC_module%%=() {  local _mlredir=1;
 if [ -n "${MODULES_REDIRECT_OUTPUT+x}" ]; then
 if [ "$MODULES_REDIRECT_OUTPUT" = '0' ]; then
 _mlredir=0;
 else
 if [ "$MODULES_REDIRECT_OUTPUT" = '1' ]; then
 _mlredir=1;
 fi;
 fi;
 fi;
 case " $@ " in 
 *' --no-redirect '*)
 _mlredir=0
 ;;
 *' --redirect '*)
 _mlredir=1
 ;;
 esac;
 if [ $_mlredir -eq 0 ]; then
 _module_raw "$@";
 else
 _module_raw "$@" 2>&1;
 fi
}
BASH_FUNC__module_raw%%=() {  eval "$(/usr/bin/tclsh8.6 '/usr/lib/x86_64-linux-gnu/modulecmd.tcl' bash "$@")";
 _mlstatus=$?;
 return $_mlstatus
}
_=/usr/bin/env
====================================================================================



====================================================================================
 For more info and how to connect from windows, 

 Here is the MobaXterm info:

Forwarded port:same as remote port
Remote server: gpu-350-01
Remote port: 6202
SSH server: ssh.swc.ucl.ac.uk
SSH login: bbozkurt
SSH port: 22

====================================================================================
 MacOS or linux terminal command to create your ssh tunnel on your local machine:

ssh -N -L 6202:gpu-350-01:6202 bbozkurt@ssh.swc.ucl.ac.uk
====================================================================================

WAIT 1 MINUTE, WILL BE CONNECT ADDRESS APPEARS!


[I 2025-05-19 10:07:11.739 ServerApp] jupyter_lsp | extension was successfully linked.
[I 2025-05-19 10:07:11.751 ServerApp] jupyter_server_terminals | extension was successfully linked.
[I 2025-05-19 10:07:11.764 ServerApp] jupyterlab | extension was successfully linked.
[I 2025-05-19 10:07:11.775 ServerApp] notebook | extension was successfully linked.
[I 2025-05-19 10:07:12.718 ServerApp] notebook_shim | extension was successfully linked.
[W 2025-05-19 10:07:12.912 ServerApp] WARNING: The Jupyter server is listening on all IP addresses and not using encryption. This is not recommended.
[I 2025-05-19 10:07:12.914 ServerApp] notebook_shim | extension was successfully loaded.
[I 2025-05-19 10:07:12.919 ServerApp] jupyter_lsp | extension was successfully loaded.
[I 2025-05-19 10:07:12.923 ServerApp] jupyter_server_terminals | extension was successfully loaded.
[I 2025-05-19 10:07:13.069 LabApp] JupyterLab extension loaded from /nfs/ghome/live/bbozkurt/.conda/envs/tensorenv/lib/python3.10/site-packages/jupyterlab
[I 2025-05-19 10:07:13.069 LabApp] JupyterLab application directory is /nfs/ghome/live/bbozkurt/.conda/envs/tensorenv/share/jupyter/lab
[I 2025-05-19 10:07:13.071 LabApp] Extension Manager is 'pypi'.
[I 2025-05-19 10:07:13.327 ServerApp] jupyterlab | extension was successfully loaded.
[I 2025-05-19 10:07:13.336 ServerApp] notebook | extension was successfully loaded.
[I 2025-05-19 10:07:13.337 ServerApp] Serving notebooks from local directory: /nfs/ghome/live/bbozkurt/Desktop/counterfactual-policy-mean-embedding
[I 2025-05-19 10:07:13.337 ServerApp] Jupyter Server 2.16.0 is running at:
[I 2025-05-19 10:07:13.338 ServerApp] http://localhost:6202/lab?token=3e314a6cefddab592f5b81a99c9b4165f517fba4a909b33f
[I 2025-05-19 10:07:13.338 ServerApp]     http://127.0.0.1:6202/lab?token=3e314a6cefddab592f5b81a99c9b4165f517fba4a909b33f
[I 2025-05-19 10:07:13.338 ServerApp] Use Control-C to stop this server and shut down all kernels (twice to skip confirmation).
[C 2025-05-19 10:07:13.348 ServerApp] 
    
    To access the server, open this file in a browser:
        file:///nfs/ghome/live/bbozkurt/.local/share/jupyter/runtime/jpserver-2581664-open.html
    Or copy and paste one of these URLs:
        http://localhost:6202/lab?token=3e314a6cefddab592f5b81a99c9b4165f517fba4a909b33f
        http://127.0.0.1:6202/lab?token=3e314a6cefddab592f5b81a99c9b4165f517fba4a909b33f
[I 2025-05-19 10:07:13.737 ServerApp] Skipped non-installed server(s): bash-language-server, dockerfile-language-server-nodejs, javascript-typescript-langserver, jedi-language-server, julia-language-server, pyright, python-language-server, python-lsp-server, r-languageserver, sql-language-server, texlab, typescript-language-server, unified-language-server, vscode-css-languageserver-bin, vscode-html-languageserver-bin, vscode-json-languageserver-bin, yaml-language-server
[W 2025-05-19 10:07:36.335 LabApp] Could not determine jupyterlab build status without nodejs
[W 2025-05-19 10:07:37.027 ServerApp] 404 GET /api/contents/src/policy_evaluation/untitled.py?content=0&hash=0&1747649256945 (3044187608c54eb1a082facee76fc744@192.168.238.250) 31.24ms referer=http://127.0.0.1:6202/lab
[W 2025-05-19 10:07:37.028 ServerApp] 404 GET /api/contents/src/policy_evaluation/untitled.py?content=0&hash=0&1747649256945 (192.168.238.250): No such file or directory: src/policy_evaluation/untitled.py
[W 2025-05-19 10:07:37.031 ServerApp] 404 GET /api/contents/src/policy_evaluation/itemsize_experiment_debug-Copy1.ipynb?content=0&hash=0&1747649256946 (3044187608c54eb1a082facee76fc744@192.168.238.250) 24.47ms referer=http://127.0.0.1:6202/lab
[W 2025-05-19 10:07:37.031 ServerApp] 404 GET /api/contents/src/policy_evaluation/itemsize_experiment_debug-Copy1.ipynb?content=0&hash=0&1747649256946 (192.168.238.250): No such file or directory: src/policy_evaluation/itemsize_experiment_debug-Copy1.ipynb
[W 2025-05-19 10:07:37.040 ServerApp] 404 GET /api/contents/src/policy_evaluation/debug.ipynb?content=0&hash=0&1747649256946 (3044187608c54eb1a082facee76fc744@192.168.238.250) 6.77ms referer=http://127.0.0.1:6202/lab
[W 2025-05-19 10:07:37.040 ServerApp] 404 GET /api/contents/src/policy_evaluation/debug.ipynb?content=0&hash=0&1747649256946 (192.168.238.250): No such file or directory: src/policy_evaluation/debug.ipynb
[W 2025-05-19 10:07:39.396 ServerApp] Notebook src/policy_evaluation/Experimental_Debugs_Old/debug-baris.ipynb is not trusted
[W 2025-05-19 10:07:39.432 ServerApp] Notebook src/policy_evaluation/debug-Copy1.ipynb is not trusted
[I 2025-05-19 10:07:40.642 ServerApp] Kernel started: 09ac7b25-5557-4c8b-a544-04a1eb517476
[I 2025-05-19 10:07:40.691 ServerApp] Kernel started: 950e6d54-b29c-4386-a694-2f6a1e40ce32
[I 2025-05-19 10:07:40.692 ServerApp] Kernel started: 8764996b-e712-4280-82d6-3edf8f0c9978
[I 2025-05-19 10:07:40.713 ServerApp] Kernel started: a5b62b17-80fb-4388-9435-6e3d7ae09813
[I 2025-05-19 10:07:42.752 ServerApp] Connecting to kernel a5b62b17-80fb-4388-9435-6e3d7ae09813.
[W 2025-05-19 10:07:42.764 ServerApp] The websocket_ping_timeout (90000) cannot be longer than the websocket_ping_interval (30000).
    Setting websocket_ping_timeout=30000
[I 2025-05-19 10:07:42.809 ServerApp] Starting buffering for a5b62b17-80fb-4388-9435-6e3d7ae09813:504c0a80-d17d-4226-a387-53ece94e7bbe
[I 2025-05-19 10:07:42.818 ServerApp] Connecting to kernel 09ac7b25-5557-4c8b-a544-04a1eb517476.
[I 2025-05-19 10:07:42.858 ServerApp] Connecting to kernel 950e6d54-b29c-4386-a694-2f6a1e40ce32.
[I 2025-05-19 10:07:42.886 ServerApp] Connecting to kernel 8764996b-e712-4280-82d6-3edf8f0c9978.
[I 2025-05-19 10:07:42.954 ServerApp] Connecting to kernel a5b62b17-80fb-4388-9435-6e3d7ae09813.
[I 2025-05-19 10:07:42.982 ServerApp] Connecting to kernel a5b62b17-80fb-4388-9435-6e3d7ae09813.
[I 2025-05-19 10:08:02.042 ServerApp] Kernel started: 77308983-0521-4496-9100-c8d25d61572a
[I 2025-05-19 10:08:03.169 ServerApp] Connecting to kernel 77308983-0521-4496-9100-c8d25d61572a.
[I 2025-05-19 10:08:07.034 ServerApp] Starting buffering for 09ac7b25-5557-4c8b-a544-04a1eb517476:e3a46a73-b5d0-4b2b-8990-2192ab7027de
[I 2025-05-19 10:08:09.088 ServerApp] Starting buffering for 950e6d54-b29c-4386-a694-2f6a1e40ce32:20845de9-901b-4698-80ba-df4616ffd9cd
[I 2025-05-19 10:08:10.128 ServerApp] Starting buffering for 8764996b-e712-4280-82d6-3edf8f0c9978:55e770c9-aeff-46b7-8a6e-b9f5c29788f6
[I 2025-05-19 10:08:10.736 ServerApp] Starting buffering for a5b62b17-80fb-4388-9435-6e3d7ae09813:47348160-f5d6-4203-9b0d-078b2d608a89
2025-05-19 10:09:30.912393: E external/local_xla/xla/stream_executor/cuda/cuda_fft.cc:467] Unable to register cuFFT factory: Attempting to register factory for plugin cuFFT when one has already been registered
WARNING: All log messages before absl::InitializeLog() is called are written to STDERR
E0000 00:00:1747649370.939998 2586119 cuda_dnn.cc:8579] Unable to register cuDNN factory: Attempting to register factory for plugin cuDNN when one has already been registered
E0000 00:00:1747649370.949439 2586119 cuda_blas.cc:1407] Unable to register cuBLAS factory: Attempting to register factory for plugin cuBLAS when one has already been registered
W0000 00:00:1747649370.974026 2586119 computation_placer.cc:177] computation placer already registered. Please check linkage and avoid linking the same target more than once.
W0000 00:00:1747649370.974055 2586119 computation_placer.cc:177] computation placer already registered. Please check linkage and avoid linking the same target more than once.
W0000 00:00:1747649370.974059 2586119 computation_placer.cc:177] computation placer already registered. Please check linkage and avoid linking the same target more than once.
W0000 00:00:1747649370.974062 2586119 computation_placer.cc:177] computation placer already registered. Please check linkage and avoid linking the same target more than once.
2025-05-19 10:09:30.983731: I tensorflow/core/platform/cpu_feature_guard.cc:210] This TensorFlow binary is optimized to use available CPU instructions in performance-critical operations.
To enable the following instructions: AVX2 FMA, in other operations, rebuild TensorFlow with the appropriate compiler flags.
2025-05-19 10:09:46.938580: E external/local_xla/xla/stream_executor/cuda/cuda_fft.cc:467] Unable to register cuFFT factory: Attempting to register factory for plugin cuFFT when one has already been registered
2025-05-19 10:09:46.977374: E external/local_xla/xla/stream_executor/cuda/cuda_fft.cc:467] Unable to register cuFFT factory: Attempting to register factory for plugin cuFFT when one has already been registered
WARNING: All log messages before absl::InitializeLog() is called are written to STDERR
E0000 00:00:1747649386.984026 2586508 cuda_dnn.cc:8579] Unable to register cuDNN factory: Attempting to register factory for plugin cuDNN when one has already been registered
E0000 00:00:1747649386.998143 2586508 cuda_blas.cc:1407] Unable to register cuBLAS factory: Attempting to register factory for plugin cuBLAS when one has already been registered
WARNING: All log messages before absl::InitializeLog() is called are written to STDERR
E0000 00:00:1747649387.022272 2586507 cuda_dnn.cc:8579] Unable to register cuDNN factory: Attempting to register factory for plugin cuDNN when one has already been registered
W0000 00:00:1747649387.032485 2586508 computation_placer.cc:177] computation placer already registered. Please check linkage and avoid linking the same target more than once.
W0000 00:00:1747649387.032592 2586508 computation_placer.cc:177] computation placer already registered. Please check linkage and avoid linking the same target more than once.
W0000 00:00:1747649387.032654 2586508 computation_placer.cc:177] computation placer already registered. Please check linkage and avoid linking the same target more than once.
W0000 00:00:1747649387.032718 2586508 computation_placer.cc:177] computation placer already registered. Please check linkage and avoid linking the same target more than once.
E0000 00:00:1747649387.036586 2586507 cuda_blas.cc:1407] Unable to register cuBLAS factory: Attempting to register factory for plugin cuBLAS when one has already been registered
2025-05-19 10:09:47.042668: I tensorflow/core/platform/cpu_feature_guard.cc:210] This TensorFlow binary is optimized to use available CPU instructions in performance-critical operations.
To enable the following instructions: AVX2 FMA, in other operations, rebuild TensorFlow with the appropriate compiler flags.
W0000 00:00:1747649387.066038 2586507 computation_placer.cc:177] computation placer already registered. Please check linkage and avoid linking the same target more than once.
W0000 00:00:1747649387.066066 2586507 computation_placer.cc:177] computation placer already registered. Please check linkage and avoid linking the same target more than once.
W0000 00:00:1747649387.066071 2586507 computation_placer.cc:177] computation placer already registered. Please check linkage and avoid linking the same target more than once.
W0000 00:00:1747649387.066075 2586507 computation_placer.cc:177] computation placer already registered. Please check linkage and avoid linking the same target more than once.
2025-05-19 10:09:47.074102: I tensorflow/core/platform/cpu_feature_guard.cc:210] This TensorFlow binary is optimized to use available CPU instructions in performance-critical operations.
To enable the following instructions: AVX2 FMA, in other operations, rebuild TensorFlow with the appropriate compiler flags.
[I 2025-05-19 10:10:01.825 ServerApp] Saving file at /src/policy_evaluation/Experimental_Debugs_Old/itemsize_experiment_debug-Copy1.ipynb
Task was destroyed but it is pending!
task: <Task pending name='Task-2' coro=<Kernel.poll_control_queue() running at /nfs/ghome/live/bbozkurt/.conda/envs/tensorenv/lib/python3.10/site-packages/ipykernel/kernelbase.py:309> wait_for=<Future pending cb=[Task.task_wakeup()]> cb=[_chain_future.<locals>._call_set_state() at /nfs/ghome/live/bbozkurt/.conda/envs/tensorenv/lib/python3.10/asyncio/futures.py:392]>
[I 2025-05-19 10:10:22.662 ServerApp] Kernel restarted: 77308983-0521-4496-9100-c8d25d61572a
[I 2025-05-19 10:10:22.669 ServerApp] Starting buffering for 77308983-0521-4496-9100-c8d25d61572a:525a5178-21b0-4a02-84f4-3c599396344a
[I 2025-05-19 10:10:22.717 ServerApp] Connecting to kernel 77308983-0521-4496-9100-c8d25d61572a.
[I 2025-05-19 10:10:22.717 ServerApp] Restoring connection for 77308983-0521-4496-9100-c8d25d61572a:525a5178-21b0-4a02-84f4-3c599396344a
2025-05-19 10:10:28.602745: E external/local_xla/xla/stream_executor/cuda/cuda_fft.cc:467] Unable to register cuFFT factory: Attempting to register factory for plugin cuFFT when one has already been registered
WARNING: All log messages before absl::InitializeLog() is called are written to STDERR
E0000 00:00:1747649428.629614 2586608 cuda_dnn.cc:8579] Unable to register cuDNN factory: Attempting to register factory for plugin cuDNN when one has already been registered
E0000 00:00:1747649428.638075 2586608 cuda_blas.cc:1407] Unable to register cuBLAS factory: Attempting to register factory for plugin cuBLAS when one has already been registered
W0000 00:00:1747649428.660065 2586608 computation_placer.cc:177] computation placer already registered. Please check linkage and avoid linking the same target more than once.
W0000 00:00:1747649428.660088 2586608 computation_placer.cc:177] computation placer already registered. Please check linkage and avoid linking the same target more than once.
W0000 00:00:1747649428.660091 2586608 computation_placer.cc:177] computation placer already registered. Please check linkage and avoid linking the same target more than once.
W0000 00:00:1747649428.660094 2586608 computation_placer.cc:177] computation placer already registered. Please check linkage and avoid linking the same target more than once.
2025-05-19 10:10:28.667287: I tensorflow/core/platform/cpu_feature_guard.cc:210] This TensorFlow binary is optimized to use available CPU instructions in performance-critical operations.
To enable the following instructions: AVX2 FMA, in other operations, rebuild TensorFlow with the appropriate compiler flags.
2025-05-19 10:10:35.308034: E external/local_xla/xla/stream_executor/cuda/cuda_fft.cc:467] Unable to register cuFFT factory: Attempting to register factory for plugin cuFFT when one has already been registered
2025-05-19 10:10:35.308048: E external/local_xla/xla/stream_executor/cuda/cuda_fft.cc:467] Unable to register cuFFT factory: Attempting to register factory for plugin cuFFT when one has already been registered
WARNING: All log messages before absl::InitializeLog() is called are written to STDERR
WARNING: All log messages before absl::InitializeLog() is called are written to STDERR
E0000 00:00:1747649435.353497 2586652 cuda_dnn.cc:8579] Unable to register cuDNN factory: Attempting to register factory for plugin cuDNN when one has already been registered
E0000 00:00:1747649435.353501 2586653 cuda_dnn.cc:8579] Unable to register cuDNN factory: Attempting to register factory for plugin cuDNN when one has already been registered
E0000 00:00:1747649435.367331 2586652 cuda_blas.cc:1407] Unable to register cuBLAS factory: Attempting to register factory for plugin cuBLAS when one has already been registered
E0000 00:00:1747649435.367570 2586653 cuda_blas.cc:1407] Unable to register cuBLAS factory: Attempting to register factory for plugin cuBLAS when one has already been registered
W0000 00:00:1747649435.401912 2586653 computation_placer.cc:177] computation placer already registered. Please check linkage and avoid linking the same target more than once.
W0000 00:00:1747649435.401911 2586652 computation_placer.cc:177] computation placer already registered. Please check linkage and avoid linking the same target more than once.
W0000 00:00:1747649435.401944 2586652 computation_placer.cc:177] computation placer already registered. Please check linkage and avoid linking the same target more than once.
W0000 00:00:1747649435.401950 2586652 computation_placer.cc:177] computation placer already registered. Please check linkage and avoid linking the same target more than once.
W0000 00:00:1747649435.401955 2586652 computation_placer.cc:177] computation placer already registered. Please check linkage and avoid linking the same target more than once.
W0000 00:00:1747649435.402075 2586653 computation_placer.cc:177] computation placer already registered. Please check linkage and avoid linking the same target more than once.
W0000 00:00:1747649435.402137 2586653 computation_placer.cc:177] computation placer already registered. Please check linkage and avoid linking the same target more than once.
W0000 00:00:1747649435.402199 2586653 computation_placer.cc:177] computation placer already registered. Please check linkage and avoid linking the same target more than once.
2025-05-19 10:10:35.411764: I tensorflow/core/platform/cpu_feature_guard.cc:210] This TensorFlow binary is optimized to use available CPU instructions in performance-critical operations.
To enable the following instructions: AVX2 FMA, in other operations, rebuild TensorFlow with the appropriate compiler flags.
2025-05-19 10:10:35.411764: I tensorflow/core/platform/cpu_feature_guard.cc:210] This TensorFlow binary is optimized to use available CPU instructions in performance-critical operations.
To enable the following instructions: AVX2 FMA, in other operations, rebuild TensorFlow with the appropriate compiler flags.
[I 2025-05-19 10:10:48.384 ServerApp] Creating new notebook in /src/policy_evaluation/Experimental_Debugs_Old
[I 2025-05-19 10:10:48.763 ServerApp] Kernel started: b149fb43-619f-455b-b7b4-62a7efd015fd
[I 2025-05-19 10:10:51.195 ServerApp] Connecting to kernel b149fb43-619f-455b-b7b4-62a7efd015fd.
[I 2025-05-19 10:11:46.548 ServerApp] Saving file at /src/policy_evaluation/Experimental_Debugs_Old/number_of_samples_debug.ipynb
[I 2025-05-19 10:11:47.392 ServerApp] Starting buffering for b149fb43-619f-455b-b7b4-62a7efd015fd:d3cd9c8f-6c30-46e4-a1bb-89422283e2c3
[I 2025-05-19 10:12:46.079 ServerApp] Saving file at /src/policy_evaluation/Experimental_Debugs_Old/itemsize_experiment_debug.ipynb
